
  .   ____          _            __ _ _
 /\\ / ___'_ __ _ _(_)_ __  __ _ \ \ \ \
( ( )\___ | '_ | '_| | '_ \/ _` | \ \ \ \
 \\/  ___)| |_)| | | | | || (_| |  ) ) ) )
  '  |____| .__|_| |_|_| |_\__, | / / / /
 =========|_|==============|___/=/_/_/_/

 :: Spring Boot ::                (v3.3.4)

2026-05-06T15:38:27.847+08:00  INFO 30816 --- [           main] c.bjtu.simulation.SimulationApplication  : Starting SimulationApplication v0.0.1-SNAPSHOT using Java 21.0.8 with PID 30816 (D:\desktop\stu\software\src_24281231\target\simulation-0.0.1-SNAPSHOT-exec.jar started by 34062 in D:\desktop\stu\software\src_24281231)
2026-05-06T15:38:27.852+08:00  INFO 30816 --- [           main] c.bjtu.simulation.SimulationApplication  : No active profile set, falling back to 1 default profile: "default"
2026-05-06T15:38:28.858+08:00  INFO 30816 --- [           main] o.s.b.w.embedded.tomcat.TomcatWebServer  : Tomcat initialized with port 8080 (http)
2026-05-06T15:38:28.873+08:00  INFO 30816 --- [           main] o.apache.catalina.core.StandardService   : Starting service [Tomcat]
2026-05-06T15:38:28.874+08:00  INFO 30816 --- [           main] o.apache.catalina.core.StandardEngine    : Starting Servlet engine: [Apache Tomcat/10.1.30]
2026-05-06T15:38:28.910+08:00  INFO 30816 --- [           main] o.a.c.c.C.[Tomcat].[localhost].[/]       : Initializing Spring embedded WebApplicationContext
2026-05-06T15:38:28.912+08:00  INFO 30816 --- [           main] w.s.c.ServletWebServerApplicationContext : Root WebApplicationContext: initialization completed in 1019 ms
2026-05-06T15:38:29.045+08:00  INFO 30816 --- [           main] o.s.b.a.w.s.WelcomePageHandlerMapping    : Adding welcome page: class path resource [static/index.html]
2026-05-06T15:38:29.337+08:00  INFO 30816 --- [           main] o.s.b.w.embedded.tomcat.TomcatWebServer  : Tomcat started on port 8080 (http) with context path '/'
2026-05-06T15:38:29.359+08:00  INFO 30816 --- [           main] c.bjtu.simulation.SimulationApplication  : Started SimulationApplication in 1.925 seconds (process running for 2.345)
2026-05-06T15:38:36.765+08:00  INFO 30816 --- [nio-8080-exec-1] o.a.c.c.C.[Tomcat].[localhost].[/]       : Initializing Spring DispatcherServlet 'dispatcherServlet'
2026-05-06T15:38:36.765+08:00  INFO 30816 --- [nio-8080-exec-1] o.s.web.servlet.DispatcherServlet        : Initializing Servlet 'dispatcherServlet'
2026-05-06T15:38:36.766+08:00  INFO 30816 --- [nio-8080-exec-1] o.s.web.servlet.DispatcherServlet        : Completed initialization in 0 ms
2026-05-06T15:41:30.128+08:00 ERROR 30816 --- [alina-utility-2] o.a.coyote.http11.Http11NioProtocol      : Error processing async timeouts

java.util.concurrent.ExecutionException: java.lang.OutOfMemoryError: Java heap space
	at java.base/java.util.concurrent.FutureTask.report(FutureTask.java:122) ~[na:na]
	at java.base/java.util.concurrent.FutureTask.get(FutureTask.java:191) ~[na:na]
	at org.apache.coyote.AbstractProtocol.startAsyncTimeout(AbstractProtocol.java:660) ~[tomcat-embed-core-10.1.30.jar!/:na]
	at org.apache.coyote.AbstractProtocol.lambda$start$0(AbstractProtocol.java:646) ~[tomcat-embed-core-10.1.30.jar!/:na]
	at java.base/java.util.concurrent.Executors$RunnableAdapter.call(Executors.java:572) ~[na:na]
	at java.base/java.util.concurrent.FutureTask.runAndReset(FutureTask.java:358) ~[na:na]
	at java.base/java.util.concurrent.ScheduledThreadPoolExecutor$ScheduledFutureTask.run(ScheduledThreadPoolExecutor.java:305) ~[na:na]
	at java.base/java.util.concurrent.ThreadPoolExecutor.runWorker(ThreadPoolExecutor.java:1144) ~[na:na]
	at java.base/java.util.concurrent.ThreadPoolExecutor$Worker.run(ThreadPoolExecutor.java:642) ~[na:na]
	at org.apache.tomcat.util.threads.TaskThread$WrappingRunnable.run(TaskThread.java:63) ~[tomcat-embed-core-10.1.30.jar!/:na]
	at java.base/java.lang.Thread.run(Thread.java:1583) ~[na:na]
Caused by: java.lang.OutOfMemoryError: Java heap space

